c:\users\sohno\source\repos\myapiprogram\myserialcomm\release\vc141.pdb
c:\users\sohno\source\repos\myapiprogram\myserialcomm\release\serialcommhandler.obj
c:\users\sohno\source\repos\myapiprogram\myserialcomm\release\serialcomm.obj
c:\users\sohno\source\repos\myapiprogram\myserialcomm\release\myserialcomm.obj
c:\users\sohno\source\repos\myapiprogram\myserialcomm\release\dlgproc_connectport.obj
c:\users\sohno\source\repos\myapiprogram\myserialcomm\release\myudp.obj
c:\users\sohno\source\repos\myapiprogram\myserialcomm\release\mytcp.obj
c:\users\sohno\source\repos\myapiprogram\myserialcomm\release\mysockcommon.obj
c:\users\sohno\source\repos\myapiprogram\myserialcomm\release\myfunc.obj
c:\users\sohno\source\repos\myapiprogram\myserialcomm\release\crc.obj
c:\users\sohno\source\repos\myapiprogram\release\myserialcomm.exe
c:\users\sohno\source\repos\myapiprogram\release\myserialcomm.pdb
c:\users\sohno\source\repos\myapiprogram\release\myserialcomm.ipdb
c:\users\sohno\source\repos\myapiprogram\release\myserialcomm.iobj
c:\users\sohno\source\repos\myapiprogram\myserialcomm\release\myserialcomm.res
c:\users\sohno\source\repos\myapiprogram\myserialcomm\release\myserialcomm.tlog\cl.command.1.tlog
c:\users\sohno\source\repos\myapiprogram\myserialcomm\release\myserialcomm.tlog\cl.read.1.tlog
c:\users\sohno\source\repos\myapiprogram\myserialcomm\release\myserialcomm.tlog\cl.write.1.tlog
c:\users\sohno\source\repos\myapiprogram\myserialcomm\release\myserialcomm.tlog\link.command.1.tlog
c:\users\sohno\source\repos\myapiprogram\myserialcomm\release\myserialcomm.tlog\link.read.1.tlog
c:\users\sohno\source\repos\myapiprogram\myserialcomm\release\myserialcomm.tlog\link.write.1.tlog
c:\users\sohno\source\repos\myapiprogram\myserialcomm\release\myserialcomm.tlog\myserialcomm.write.1u.tlog
c:\users\sohno\source\repos\myapiprogram\myserialcomm\release\myserialcomm.tlog\rc.command.1.tlog
c:\users\sohno\source\repos\myapiprogram\myserialcomm\release\myserialcomm.tlog\rc.read.1.tlog
c:\users\sohno\source\repos\myapiprogram\myserialcomm\release\myserialcomm.tlog\rc.write.1.tlog
