c:\users\sohno\source\repos\apiexam\decos_alpha\x64\release\vc141.pdb
c:\users\sohno\source\repos\apiexam\decos_alpha\x64\release\serialcommcontrol.obj
c:\users\sohno\source\repos\apiexam\decos_alpha\x64\release\serialcomm.obj
c:\users\sohno\source\repos\apiexam\decos_alpha\x64\release\procedure_crb.obj
c:\users\sohno\source\repos\apiexam\decos_alpha\x64\release\procedure_clb.obj
c:\users\sohno\source\repos\apiexam\decos_alpha\x64\release\myfunc.obj
c:\users\sohno\source\repos\apiexam\decos_alpha\x64\release\devicecontrol.obj
c:\users\sohno\source\repos\apiexam\decos_alpha\x64\release\device.obj
c:\users\sohno\source\repos\apiexam\decos_alpha\x64\release\deapiprotocol.obj
c:\users\sohno\source\repos\apiexam\decos_alpha\x64\release\coordinatorreal.obj
c:\users\sohno\source\repos\apiexam\decos_alpha\x64\release\decos_alpha.obj
c:\users\sohno\source\repos\apiexam\decos_alpha\x64\release\procedure_crt.obj
c:\users\sohno\source\repos\apiexam\decos_alpha\x64\release\procedure_clt.obj
c:\users\sohno\source\repos\apiexam\x64\release\decos_alpha.ipdb
c:\users\sohno\source\repos\apiexam\x64\release\decos_alpha.iobj
c:\users\sohno\source\repos\apiexam\x64\release\decos_alpha.exe
c:\users\sohno\source\repos\apiexam\x64\release\decos_alpha.pdb
c:\users\sohno\source\repos\apiexam\decos_alpha\x64\release\decos_alpha.res
c:\users\sohno\source\repos\apiexam\decos_alpha\x64\release\decos_alpha.tlog\cl.command.1.tlog
c:\users\sohno\source\repos\apiexam\decos_alpha\x64\release\decos_alpha.tlog\cl.read.1.tlog
c:\users\sohno\source\repos\apiexam\decos_alpha\x64\release\decos_alpha.tlog\cl.write.1.tlog
c:\users\sohno\source\repos\apiexam\decos_alpha\x64\release\decos_alpha.tlog\decos_alpha.write.1u.tlog
c:\users\sohno\source\repos\apiexam\decos_alpha\x64\release\decos_alpha.tlog\link.command.1.tlog
c:\users\sohno\source\repos\apiexam\decos_alpha\x64\release\decos_alpha.tlog\link.read.1.tlog
c:\users\sohno\source\repos\apiexam\decos_alpha\x64\release\decos_alpha.tlog\link.write.1.tlog
c:\users\sohno\source\repos\apiexam\decos_alpha\x64\release\decos_alpha.tlog\rc.command.1.tlog
c:\users\sohno\source\repos\apiexam\decos_alpha\x64\release\decos_alpha.tlog\rc.read.1.tlog
c:\users\sohno\source\repos\apiexam\decos_alpha\x64\release\decos_alpha.tlog\rc.write.1.tlog
