c:\users\sohno\source\repos\myapiprogram\invertercomm\release\vc141.pdb
c:\users\sohno\source\repos\myapiprogram\invertercomm\release\convertdata.obj
c:\users\sohno\source\repos\myapiprogram\invertercomm\release\serialcommhandler.obj
c:\users\sohno\source\repos\myapiprogram\invertercomm\release\serialcomm.obj
c:\users\sohno\source\repos\myapiprogram\invertercomm\release\inverter_will.obj
c:\users\sohno\source\repos\myapiprogram\invertercomm\release\inverter_sung.obj
c:\users\sohno\source\repos\myapiprogram\invertercomm\release\inverter_refu.obj
c:\users\sohno\source\repos\myapiprogram\invertercomm\release\inverter_hexp.obj
c:\users\sohno\source\repos\myapiprogram\invertercomm\release\inverter_hans.obj
c:\users\sohno\source\repos\myapiprogram\invertercomm\release\inverter_e_p5.obj
c:\users\sohno\source\repos\myapiprogram\invertercomm\release\inverter_e_p3.obj
c:\users\sohno\source\repos\myapiprogram\invertercomm\release\inverter_ekos.obj
c:\users\sohno\source\repos\myapiprogram\invertercomm\release\inverter_dass.obj
c:\users\sohno\source\repos\myapiprogram\invertercomm\release\inverter_abbi.obj
c:\users\sohno\source\repos\myapiprogram\invertercomm\release\invertercomm.obj
c:\users\sohno\source\repos\myapiprogram\invertercomm\release\equipment_rems.obj
c:\users\sohno\source\repos\myapiprogram\invertercomm\release\dlg_idscan.obj
c:\users\sohno\source\repos\myapiprogram\invertercomm\release\dlgproc_invcomm.obj
c:\users\sohno\source\repos\myapiprogram\invertercomm\release\dlgproc_connectport.obj
c:\users\sohno\source\repos\myapiprogram\release\invertercomm.ipdb
c:\users\sohno\source\repos\myapiprogram\release\invertercomm.iobj
c:\users\sohno\source\repos\myapiprogram\release\invertercomm.exe
c:\users\sohno\source\repos\myapiprogram\release\invertercomm.pdb
c:\users\sohno\source\repos\myapiprogram\invertercomm\release\invertercomm.res
c:\users\sohno\source\repos\myapiprogram\invertercomm\release\invertercomm.tlog\cl.command.1.tlog
c:\users\sohno\source\repos\myapiprogram\invertercomm\release\invertercomm.tlog\cl.read.1.tlog
c:\users\sohno\source\repos\myapiprogram\invertercomm\release\invertercomm.tlog\cl.write.1.tlog
c:\users\sohno\source\repos\myapiprogram\invertercomm\release\invertercomm.tlog\invertercomm.write.1u.tlog
c:\users\sohno\source\repos\myapiprogram\invertercomm\release\invertercomm.tlog\link.command.1.tlog
c:\users\sohno\source\repos\myapiprogram\invertercomm\release\invertercomm.tlog\link.read.1.tlog
c:\users\sohno\source\repos\myapiprogram\invertercomm\release\invertercomm.tlog\link.write.1.tlog
c:\users\sohno\source\repos\myapiprogram\invertercomm\release\invertercomm.tlog\rc.command.1.tlog
c:\users\sohno\source\repos\myapiprogram\invertercomm\release\invertercomm.tlog\rc.read.1.tlog
c:\users\sohno\source\repos\myapiprogram\invertercomm\release\invertercomm.tlog\rc.write.1.tlog
