c:\users\sohno\source\repos\myapiprogram\invertercomm\debug\vc141.pdb
c:\users\sohno\source\repos\myapiprogram\invertercomm\debug\vc141.idb
c:\users\sohno\source\repos\myapiprogram\invertercomm\debug\convertdata.obj
c:\users\sohno\source\repos\myapiprogram\invertercomm\debug\serialcommhandler.obj
c:\users\sohno\source\repos\myapiprogram\invertercomm\debug\serialcomm.obj
c:\users\sohno\source\repos\myapiprogram\invertercomm\debug\inverter_will.obj
c:\users\sohno\source\repos\myapiprogram\invertercomm\debug\inverter_sung.obj
c:\users\sohno\source\repos\myapiprogram\invertercomm\debug\inverter_refu.obj
c:\users\sohno\source\repos\myapiprogram\invertercomm\debug\inverter_hexp.obj
c:\users\sohno\source\repos\myapiprogram\invertercomm\debug\inverter_hans.obj
c:\users\sohno\source\repos\myapiprogram\invertercomm\debug\inverter_e_p5.obj
c:\users\sohno\source\repos\myapiprogram\invertercomm\debug\inverter_e_p3.obj
c:\users\sohno\source\repos\myapiprogram\invertercomm\debug\inverter_ekos.obj
c:\users\sohno\source\repos\myapiprogram\invertercomm\debug\inverter_dass.obj
c:\users\sohno\source\repos\myapiprogram\invertercomm\debug\inverter_abbi.obj
c:\users\sohno\source\repos\myapiprogram\invertercomm\debug\invertercomm.obj
c:\users\sohno\source\repos\myapiprogram\invertercomm\debug\equipment_rems.obj
c:\users\sohno\source\repos\myapiprogram\invertercomm\debug\dlg_idscan.obj
c:\users\sohno\source\repos\myapiprogram\invertercomm\debug\dlgproc_invcomm.obj
c:\users\sohno\source\repos\myapiprogram\invertercomm\debug\dlgproc_connectport.obj
c:\users\sohno\source\repos\myapiprogram\debug\invertercomm.ilk
c:\users\sohno\source\repos\myapiprogram\debug\invertercomm.exe
c:\users\sohno\source\repos\myapiprogram\debug\invertercomm.pdb
c:\users\sohno\source\repos\myapiprogram\invertercomm\debug\invertercomm.res
c:\users\sohno\source\repos\myapiprogram\invertercomm\debug\invertercomm.tlog\cl.command.1.tlog
c:\users\sohno\source\repos\myapiprogram\invertercomm\debug\invertercomm.tlog\cl.read.1.tlog
c:\users\sohno\source\repos\myapiprogram\invertercomm\debug\invertercomm.tlog\cl.write.1.tlog
c:\users\sohno\source\repos\myapiprogram\invertercomm\debug\invertercomm.tlog\link.command.1.tlog
c:\users\sohno\source\repos\myapiprogram\invertercomm\debug\invertercomm.tlog\link.read.1.tlog
c:\users\sohno\source\repos\myapiprogram\invertercomm\debug\invertercomm.tlog\link.write.1.tlog
c:\users\sohno\source\repos\myapiprogram\invertercomm\debug\invertercomm.tlog\rc.command.1.tlog
c:\users\sohno\source\repos\myapiprogram\invertercomm\debug\invertercomm.tlog\rc.read.1.tlog
c:\users\sohno\source\repos\myapiprogram\invertercomm\debug\invertercomm.tlog\rc.write.1.tlog
