c:\users\sohno\source\repos\myapiprogram\decos_alpha\release\vc141.pdb
c:\users\sohno\source\repos\myapiprogram\decos_alpha\release\dlgproc_etc.obj
c:\users\sohno\source\repos\myapiprogram\decos_alpha\release\dlgproc_coordi.obj
c:\users\sohno\source\repos\myapiprogram\decos_alpha\release\dlgproc_connectterminal.obj
c:\users\sohno\source\repos\myapiprogram\decos_alpha\release\dlgproc_adddevice.obj
c:\users\sohno\source\repos\myapiprogram\decos_alpha\release\mydevice.obj
c:\users\sohno\source\repos\myapiprogram\decos_alpha\release\inverter_will.obj
c:\users\sohno\source\repos\myapiprogram\decos_alpha\release\inverter_sung.obj
c:\users\sohno\source\repos\myapiprogram\decos_alpha\release\inverter_refu.obj
c:\users\sohno\source\repos\myapiprogram\decos_alpha\release\inverter_hexp.obj
c:\users\sohno\source\repos\myapiprogram\decos_alpha\release\inverter_hans.obj
c:\users\sohno\source\repos\myapiprogram\decos_alpha\release\inverter_e_p5.obj
c:\users\sohno\source\repos\myapiprogram\decos_alpha\release\inverter_e_p3.obj
c:\users\sohno\source\repos\myapiprogram\decos_alpha\release\inverter_ekos.obj
c:\users\sohno\source\repos\myapiprogram\decos_alpha\release\inverter_dass.obj
c:\users\sohno\source\repos\myapiprogram\decos_alpha\release\inverter_abbi.obj
c:\users\sohno\source\repos\myapiprogram\decos_alpha\release\equipment_rems.obj
c:\users\sohno\source\repos\myapiprogram\decos_alpha\release\decos_alpha.obj
c:\users\sohno\source\repos\myapiprogram\decos_alpha\release\deapiprotocol.obj
c:\users\sohno\source\repos\myapiprogram\decos_alpha\release\crc.obj
c:\users\sohno\source\repos\myapiprogram\decos_alpha\release\coordinatorreal.obj
c:\users\sohno\source\repos\myapiprogram\decos_alpha\release\serialcommhandler.obj
c:\users\sohno\source\repos\myapiprogram\decos_alpha\release\serialcomm.obj
c:\users\sohno\source\repos\myapiprogram\decos_alpha\release\procedure_crt.obj
c:\users\sohno\source\repos\myapiprogram\decos_alpha\release\procedure_crb.obj
c:\users\sohno\source\repos\myapiprogram\decos_alpha\release\procedure_clt.obj
c:\users\sohno\source\repos\myapiprogram\decos_alpha\release\procedure_clb.obj
c:\users\sohno\source\repos\myapiprogram\decos_alpha\release\mytcp.obj
c:\users\sohno\source\repos\myapiprogram\decos_alpha\release\myfunc.obj
c:\users\sohno\source\repos\myapiprogram\decos_alpha\release\mydevicehandler.obj
c:\users\sohno\source\repos\myapiprogram\decos_alpha\release\dlgproc_inverter.obj
c:\users\sohno\source\repos\myapiprogram\decos_alpha\release\dlgproc_hostpc.obj
c:\users\sohno\source\repos\myapiprogram\release\decos_alpha.ipdb
c:\users\sohno\source\repos\myapiprogram\release\decos_alpha.iobj
c:\users\sohno\source\repos\myapiprogram\release\decos_alpha.exe
c:\users\sohno\source\repos\myapiprogram\release\decos_alpha.pdb
c:\users\sohno\source\repos\myapiprogram\decos_alpha\release\decos_alpha.res
c:\users\sohno\source\repos\myapiprogram\decos_alpha\release\decos_alpha.tlog\cl.command.1.tlog
c:\users\sohno\source\repos\myapiprogram\decos_alpha\release\decos_alpha.tlog\cl.read.1.tlog
c:\users\sohno\source\repos\myapiprogram\decos_alpha\release\decos_alpha.tlog\cl.write.1.tlog
c:\users\sohno\source\repos\myapiprogram\decos_alpha\release\decos_alpha.tlog\decos_alpha.write.1u.tlog
c:\users\sohno\source\repos\myapiprogram\decos_alpha\release\decos_alpha.tlog\link.command.1.tlog
c:\users\sohno\source\repos\myapiprogram\decos_alpha\release\decos_alpha.tlog\link.read.1.tlog
c:\users\sohno\source\repos\myapiprogram\decos_alpha\release\decos_alpha.tlog\link.write.1.tlog
c:\users\sohno\source\repos\myapiprogram\decos_alpha\release\decos_alpha.tlog\rc.command.1.tlog
c:\users\sohno\source\repos\myapiprogram\decos_alpha\release\decos_alpha.tlog\rc.read.1.tlog
c:\users\sohno\source\repos\myapiprogram\decos_alpha\release\decos_alpha.tlog\rc.write.1.tlog
