c:\users\sohno\source\repos\apiexam\decos_alpha\debug\vc141.pdb
c:\users\sohno\source\repos\apiexam\decos_alpha\debug\vc141.idb
c:\users\sohno\source\repos\apiexam\decos_alpha\debug\serialcommcontrol.obj
c:\users\sohno\source\repos\apiexam\decos_alpha\debug\serialcomm.obj
c:\users\sohno\source\repos\apiexam\decos_alpha\debug\procedure_crt.obj
c:\users\sohno\source\repos\apiexam\decos_alpha\debug\procedure_crb.obj
c:\users\sohno\source\repos\apiexam\decos_alpha\debug\procedure_clt.obj
c:\users\sohno\source\repos\apiexam\decos_alpha\debug\procedure_clb.obj
c:\users\sohno\source\repos\apiexam\decos_alpha\debug\myfunc.obj
c:\users\sohno\source\repos\apiexam\decos_alpha\debug\dlgproc_inverter.obj
c:\users\sohno\source\repos\apiexam\decos_alpha\debug\dlgproc_hostpc.obj
c:\users\sohno\source\repos\apiexam\decos_alpha\debug\dlgproc_etc.obj
c:\users\sohno\source\repos\apiexam\decos_alpha\debug\dlgproc_coordi.obj
c:\users\sohno\source\repos\apiexam\decos_alpha\debug\dlgproc_connectterminal.obj
c:\users\sohno\source\repos\apiexam\decos_alpha\debug\dlgproc_adddevice.obj
c:\users\sohno\source\repos\apiexam\decos_alpha\debug\devicecontrol.obj
c:\users\sohno\source\repos\apiexam\decos_alpha\debug\device.obj
c:\users\sohno\source\repos\apiexam\decos_alpha\debug\decos_alpha.obj
c:\users\sohno\source\repos\apiexam\decos_alpha\debug\deapiprotocol.obj
c:\users\sohno\source\repos\apiexam\decos_alpha\debug\crc.obj
c:\users\sohno\source\repos\apiexam\decos_alpha\debug\coordinatorreal.obj
c:\users\sohno\source\repos\apiexam\debug\decos_alpha.exe
c:\users\sohno\source\repos\apiexam\debug\decos_alpha.ilk
c:\users\sohno\source\repos\apiexam\debug\decos_alpha.pdb
c:\users\sohno\source\repos\apiexam\decos_alpha\debug\decos_alpha.res
c:\users\sohno\source\repos\myapiprogram\decos_alpha\debug\coordinatorreal.obj
c:\users\sohno\source\repos\myapiprogram\decos_alpha\debug\crc.obj
c:\users\sohno\source\repos\myapiprogram\decos_alpha\debug\deapiprotocol.obj
c:\users\sohno\source\repos\myapiprogram\decos_alpha\debug\decos_alpha.obj
c:\users\sohno\source\repos\myapiprogram\decos_alpha\debug\device.obj
c:\users\sohno\source\repos\myapiprogram\decos_alpha\debug\devicecontrol.obj
c:\users\sohno\source\repos\myapiprogram\decos_alpha\debug\dlgproc_adddevice.obj
c:\users\sohno\source\repos\myapiprogram\decos_alpha\debug\dlgproc_connectterminal.obj
c:\users\sohno\source\repos\myapiprogram\decos_alpha\debug\dlgproc_coordi.obj
c:\users\sohno\source\repos\myapiprogram\decos_alpha\debug\dlgproc_etc.obj
c:\users\sohno\source\repos\myapiprogram\decos_alpha\debug\dlgproc_hostpc.obj
c:\users\sohno\source\repos\myapiprogram\decos_alpha\debug\dlgproc_inverter.obj
c:\users\sohno\source\repos\myapiprogram\decos_alpha\debug\myfunc.obj
c:\users\sohno\source\repos\myapiprogram\decos_alpha\debug\procedure_clb.obj
c:\users\sohno\source\repos\myapiprogram\decos_alpha\debug\procedure_clt.obj
c:\users\sohno\source\repos\myapiprogram\decos_alpha\debug\procedure_crb.obj
c:\users\sohno\source\repos\myapiprogram\decos_alpha\debug\procedure_crt.obj
c:\users\sohno\source\repos\myapiprogram\decos_alpha\debug\serialcomm.obj
c:\users\sohno\source\repos\myapiprogram\decos_alpha\debug\serialcommcontrol.obj
c:\users\sohno\source\repos\myapiprogram\decos_alpha\debug\decos_alpha.res
c:\users\sohno\source\repos\myapiprogram\decos_alpha\debug\vc141.idb
c:\users\sohno\source\repos\myapiprogram\decos_alpha\debug\vc141.pdb
c:\users\sohno\source\repos\myapiprogram\decos_alpha\debug\decos_alpha.tlog\cl.command.1.tlog
c:\users\sohno\source\repos\myapiprogram\decos_alpha\debug\decos_alpha.tlog\cl.read.1.tlog
c:\users\sohno\source\repos\myapiprogram\decos_alpha\debug\decos_alpha.tlog\cl.write.1.tlog
c:\users\sohno\source\repos\myapiprogram\decos_alpha\debug\decos_alpha.tlog\link.command.1.tlog
c:\users\sohno\source\repos\myapiprogram\decos_alpha\debug\decos_alpha.tlog\link.read.1.tlog
c:\users\sohno\source\repos\myapiprogram\decos_alpha\debug\decos_alpha.tlog\link.write.1.tlog
c:\users\sohno\source\repos\myapiprogram\decos_alpha\debug\decos_alpha.tlog\rc.command.1.tlog
c:\users\sohno\source\repos\myapiprogram\decos_alpha\debug\decos_alpha.tlog\rc.read.1.tlog
c:\users\sohno\source\repos\myapiprogram\decos_alpha\debug\decos_alpha.tlog\rc.write.1.tlog
